[debug] [2023-06-22T18:10:19.708Z] ----------------------------------------------------------------------
[debug] [2023-06-22T18:10:19.717Z] Command:       C:\Program Files\nodejs\node.exe C:\Users\LEO\AppData\Roaming\npm\node_modules\firebase-tools\lib\bin\firebase.js init
[debug] [2023-06-22T18:10:19.719Z] CLI Version:   11.23.1
[debug] [2023-06-22T18:10:19.720Z] Platform:      win32
[debug] [2023-06-22T18:10:19.720Z] Node Version:  v16.17.1
[debug] [2023-06-22T18:10:19.723Z] Time:          Thu Jun 22 2023 19:10:19 GMT+0100 (West Africa Standard Time)
[debug] [2023-06-22T18:10:19.724Z] ----------------------------------------------------------------------
[debug] 
[debug] [2023-06-22T18:10:19.768Z] > command requires scopes: ["email","openid","https://www.googleapis.com/auth/cloudplatformprojects.readonly","https://www.googleapis.com/auth/firebase","https://www.googleapis.com/auth/cloud-platform"]
[debug] [2023-06-22T18:10:19.770Z] > authorizing via signed-in user (chebesiawah@gmail.com)
[info] 
     ######## #### ########  ######## ########     ###     ######  ########
     ##        ##  ##     ## ##       ##     ##  ##   ##  ##       ##
     ######    ##  ########  ######   ########  #########  ######  ######
     ##        ##  ##    ##  ##       ##     ## ##     ##       ## ##
     ##       #### ##     ## ######## ########  ##     ##  ######  ########

You're about to initialize a Firebase project in this directory:

  E:\projects\newTest\air-gallery

[info] 
=== Project Setup
[info] 
[info] First, let's associate this project directory with a Firebase project.
[info] You can create multiple project aliases by running firebase use --add, 
[info] but for now we'll just set up a default project.
[info] 
[info] i  If you want to create a project in a Google Cloud organization or folder, please use "firebase projects:create" instead, and return to this command when you've created the project. 
